<testsuites id="" name="" tests="30" failures="16" skipped="0" errors="0" time="88.871404">
<testsuite name="calorie-calculator.spec.js" timestamp="2025-11-11T00:38:29.082Z" hostname="chromium" tests="11" failures="6" skipped="0" time="120.907" errors="0">
<testcase name="Calorie Calculator › should display original calorie count" classname="calorie-calculator.spec.js" time="6.076">
</testcase>
<testcase name="Calorie Calculator › should allow excluding ingredients via checkboxes" classname="calorie-calculator.spec.js" time="10.516">
<system-out>
<![CDATA[No ingredient checkboxes found
]]>
</system-out>
</testcase>
<testcase name="Calorie Calculator › should update calorie count when excluding ingredient" classname="calorie-calculator.spec.js" time="8.764">
<system-out>
<![CDATA[Calculate button not found - feature may not be implemented
]]>
</system-out>
</testcase>
<testcase name="Calorie Calculator › should allow excluding multiple ingredients" classname="calorie-calculator.spec.js" time="10.602">
<system-out>
<![CDATA[Not enough ingredients to test multiple exclusions
]]>
</system-out>
</testcase>
<testcase name="Calorie Calculator › should show calorie reduction amount" classname="calorie-calculator.spec.js" time="11.626">
</testcase>
<testcase name="Calorie Calculator › should allow toggling ingredient exclusions" classname="calorie-calculator.spec.js" time="11.872">
<failure message="calorie-calculator.spec.js:163:3 should allow toggling ingredient exclusions" type="FAILURE">
<![CDATA[  [chromium] › calorie-calculator.spec.js:163:3 › Calorie Calculator › should allow toggling ingredient exclusions 

    TimeoutError: page.waitForSelector: Timeout 10000ms exceeded.
    Call log:
      - waiting for locator('[data-testid="RecipeItem"]') to be visible


      26 |     
      27 |     // Wait for results
    > 28 |     await page.waitForSelector('[data-testid="RecipeItem"]', { timeout: 10000 });
         |                ^
      29 |     
      30 |     // Navigate to first recipe
      31 |     const firstRecipe = page.locator('[data-testid="RecipeItem"]').first();
        at D:\Rawan\Work\RecipesBuddy\frontend\recipes-buddy\tests\calorie-calculator.spec.js:28:16

    attachment #1: screenshot (image/png) ──────────────────────────────────────────────────────────
    ..\test-results\calorie-calculator-Calorie-232da-gling-ingredient-exclusions-chromium\test-failed-1.png
    ────────────────────────────────────────────────────────────────────────────────────────────────

    attachment #2: video (video/webm) ──────────────────────────────────────────────────────────────
    ..\test-results\calorie-calculator-Calorie-232da-gling-ingredient-exclusions-chromium\video.webm
    ────────────────────────────────────────────────────────────────────────────────────────────────

    Error Context: ..\test-results\calorie-calculator-Calorie-232da-gling-ingredient-exclusions-chromium\error-context.md

    attachment #4: trace (application/zip) ─────────────────────────────────────────────────────────
    ..\test-results\calorie-calculator-Calorie-232da-gling-ingredient-exclusions-chromium\trace.zip
    Usage:

        npx playwright show-trace ..\test-results\calorie-calculator-Calorie-232da-gling-ingredient-exclusions-chromium\trace.zip

    ────────────────────────────────────────────────────────────────────────────────────────────────
]]>
</failure>
<system-out>
<![CDATA[
[[ATTACHMENT|calorie-calculator-Calorie-232da-gling-ingredient-exclusions-chromium\test-failed-1.png]]

[[ATTACHMENT|calorie-calculator-Calorie-232da-gling-ingredient-exclusions-chromium\video.webm]]

[[ATTACHMENT|calorie-calculator-Calorie-232da-gling-ingredient-exclusions-chromium\error-context.md]]

[[ATTACHMENT|calorie-calculator-Calorie-232da-gling-ingredient-exclusions-chromium\trace.zip]]
]]>
</system-out>
</testcase>
<testcase name="Calorie Calculator › should handle calculation with no exclusions" classname="calorie-calculator.spec.js" time="12.221">
<failure message="calorie-calculator.spec.js:184:3 should handle calculation with no exclusions" type="FAILURE">
<![CDATA[  [chromium] › calorie-calculator.spec.js:184:3 › Calorie Calculator › should handle calculation with no exclusions 

    TimeoutError: page.waitForSelector: Timeout 10000ms exceeded.
    Call log:
      - waiting for locator('[data-testid="RecipeItem"]') to be visible


      26 |     
      27 |     // Wait for results
    > 28 |     await page.waitForSelector('[data-testid="RecipeItem"]', { timeout: 10000 });
         |                ^
      29 |     
      30 |     // Navigate to first recipe
      31 |     const firstRecipe = page.locator('[data-testid="RecipeItem"]').first();
        at D:\Rawan\Work\RecipesBuddy\frontend\recipes-buddy\tests\calorie-calculator.spec.js:28:16

    attachment #1: screenshot (image/png) ──────────────────────────────────────────────────────────
    ..\test-results\calorie-calculator-Calorie-a98f0-culation-with-no-exclusions-chromium\test-failed-1.png
    ────────────────────────────────────────────────────────────────────────────────────────────────

    attachment #2: video (video/webm) ──────────────────────────────────────────────────────────────
    ..\test-results\calorie-calculator-Calorie-a98f0-culation-with-no-exclusions-chromium\video.webm
    ────────────────────────────────────────────────────────────────────────────────────────────────

    Error Context: ..\test-results\calorie-calculator-Calorie-a98f0-culation-with-no-exclusions-chromium\error-context.md

    attachment #4: trace (application/zip) ─────────────────────────────────────────────────────────
    ..\test-results\calorie-calculator-Calorie-a98f0-culation-with-no-exclusions-chromium\trace.zip
    Usage:

        npx playwright show-trace ..\test-results\calorie-calculator-Calorie-a98f0-culation-with-no-exclusions-chromium\trace.zip

    ────────────────────────────────────────────────────────────────────────────────────────────────
]]>
</failure>
<system-out>
<![CDATA[
[[ATTACHMENT|calorie-calculator-Calorie-a98f0-culation-with-no-exclusions-chromium\test-failed-1.png]]

[[ATTACHMENT|calorie-calculator-Calorie-a98f0-culation-with-no-exclusions-chromium\video.webm]]

[[ATTACHMENT|calorie-calculator-Calorie-a98f0-culation-with-no-exclusions-chromium\error-context.md]]

[[ATTACHMENT|calorie-calculator-Calorie-a98f0-culation-with-no-exclusions-chromium\trace.zip]]
]]>
</system-out>
</testcase>
<testcase name="Calorie Calculator › should display ingredient details in exclusion list" classname="calorie-calculator.spec.js" time="12.222">
<failure message="calorie-calculator.spec.js:199:3 should display ingredient details in exclusion list" type="FAILURE">
<![CDATA[  [chromium] › calorie-calculator.spec.js:199:3 › Calorie Calculator › should display ingredient details in exclusion list 

    TimeoutError: page.waitForSelector: Timeout 10000ms exceeded.
    Call log:
      - waiting for locator('[data-testid="RecipeItem"]') to be visible


      26 |     
      27 |     // Wait for results
    > 28 |     await page.waitForSelector('[data-testid="RecipeItem"]', { timeout: 10000 });
         |                ^
      29 |     
      30 |     // Navigate to first recipe
      31 |     const firstRecipe = page.locator('[data-testid="RecipeItem"]').first();
        at D:\Rawan\Work\RecipesBuddy\frontend\recipes-buddy\tests\calorie-calculator.spec.js:28:16

    attachment #1: screenshot (image/png) ──────────────────────────────────────────────────────────
    ..\test-results\calorie-calculator-Calorie-1ff84-t-details-in-exclusion-list-chromium\test-failed-1.png
    ────────────────────────────────────────────────────────────────────────────────────────────────

    attachment #2: video (video/webm) ──────────────────────────────────────────────────────────────
    ..\test-results\calorie-calculator-Calorie-1ff84-t-details-in-exclusion-list-chromium\video.webm
    ────────────────────────────────────────────────────────────────────────────────────────────────

    Error Context: ..\test-results\calorie-calculator-Calorie-1ff84-t-details-in-exclusion-list-chromium\error-context.md

    attachment #4: trace (application/zip) ─────────────────────────────────────────────────────────
    ..\test-results\calorie-calculator-Calorie-1ff84-t-details-in-exclusion-list-chromium\trace.zip
    Usage:

        npx playwright show-trace ..\test-results\calorie-calculator-Calorie-1ff84-t-details-in-exclusion-list-chromium\trace.zip

    ────────────────────────────────────────────────────────────────────────────────────────────────
]]>
</failure>
<system-out>
<![CDATA[
[[ATTACHMENT|calorie-calculator-Calorie-1ff84-t-details-in-exclusion-list-chromium\test-failed-1.png]]

[[ATTACHMENT|calorie-calculator-Calorie-1ff84-t-details-in-exclusion-list-chromium\video.webm]]

[[ATTACHMENT|calorie-calculator-Calorie-1ff84-t-details-in-exclusion-list-chromium\error-context.md]]

[[ATTACHMENT|calorie-calculator-Calorie-1ff84-t-details-in-exclusion-list-chromium\trace.zip]]
]]>
</system-out>
</testcase>
<testcase name="Calorie Calculator › should not have console errors during calculation" classname="calorie-calculator.spec.js" time="11.345">
<failure message="calorie-calculator.spec.js:216:3 should not have console errors during calculation" type="FAILURE">
<![CDATA[  [chromium] › calorie-calculator.spec.js:216:3 › Calorie Calculator › should not have console errors during calculation 

    TimeoutError: page.waitForSelector: Timeout 10000ms exceeded.
    Call log:
      - waiting for locator('[data-testid="RecipeItem"]') to be visible


      26 |     
      27 |     // Wait for results
    > 28 |     await page.waitForSelector('[data-testid="RecipeItem"]', { timeout: 10000 });
         |                ^
      29 |     
      30 |     // Navigate to first recipe
      31 |     const firstRecipe = page.locator('[data-testid="RecipeItem"]').first();
        at D:\Rawan\Work\RecipesBuddy\frontend\recipes-buddy\tests\calorie-calculator.spec.js:28:16

    attachment #1: screenshot (image/png) ──────────────────────────────────────────────────────────
    ..\test-results\calorie-calculator-Calorie-3ae29-e-errors-during-calculation-chromium\test-failed-1.png
    ────────────────────────────────────────────────────────────────────────────────────────────────

    attachment #2: video (video/webm) ──────────────────────────────────────────────────────────────
    ..\test-results\calorie-calculator-Calorie-3ae29-e-errors-during-calculation-chromium\video.webm
    ────────────────────────────────────────────────────────────────────────────────────────────────

    Error Context: ..\test-results\calorie-calculator-Calorie-3ae29-e-errors-during-calculation-chromium\error-context.md

    attachment #4: trace (application/zip) ─────────────────────────────────────────────────────────
    ..\test-results\calorie-calculator-Calorie-3ae29-e-errors-during-calculation-chromium\trace.zip
    Usage:

        npx playwright show-trace ..\test-results\calorie-calculator-Calorie-3ae29-e-errors-during-calculation-chromium\trace.zip

    ────────────────────────────────────────────────────────────────────────────────────────────────
]]>
</failure>
<system-out>
<![CDATA[
[[ATTACHMENT|calorie-calculator-Calorie-3ae29-e-errors-during-calculation-chromium\test-failed-1.png]]

[[ATTACHMENT|calorie-calculator-Calorie-3ae29-e-errors-during-calculation-chromium\video.webm]]

[[ATTACHMENT|calorie-calculator-Calorie-3ae29-e-errors-during-calculation-chromium\error-context.md]]

[[ATTACHMENT|calorie-calculator-Calorie-3ae29-e-errors-during-calculation-chromium\trace.zip]]
]]>
</system-out>
</testcase>
<testcase name="Calorie Calculator › should be responsive on mobile devices" classname="calorie-calculator.spec.js" time="12.608">
<failure message="calorie-calculator.spec.js:247:3 should be responsive on mobile devices" type="FAILURE">
<![CDATA[  [chromium] › calorie-calculator.spec.js:247:3 › Calorie Calculator › should be responsive on mobile devices 

    TimeoutError: page.waitForSelector: Timeout 10000ms exceeded.
    Call log:
      - waiting for locator('[data-testid="RecipeItem"]') to be visible


      26 |     
      27 |     // Wait for results
    > 28 |     await page.waitForSelector('[data-testid="RecipeItem"]', { timeout: 10000 });
         |                ^
      29 |     
      30 |     // Navigate to first recipe
      31 |     const firstRecipe = page.locator('[data-testid="RecipeItem"]').first();
        at D:\Rawan\Work\RecipesBuddy\frontend\recipes-buddy\tests\calorie-calculator.spec.js:28:16

    attachment #1: screenshot (image/png) ──────────────────────────────────────────────────────────
    ..\test-results\calorie-calculator-Calorie-c67ad-esponsive-on-mobile-devices-chromium\test-failed-1.png
    ────────────────────────────────────────────────────────────────────────────────────────────────

    attachment #2: video (video/webm) ──────────────────────────────────────────────────────────────
    ..\test-results\calorie-calculator-Calorie-c67ad-esponsive-on-mobile-devices-chromium\video.webm
    ────────────────────────────────────────────────────────────────────────────────────────────────

    Error Context: ..\test-results\calorie-calculator-Calorie-c67ad-esponsive-on-mobile-devices-chromium\error-context.md

    attachment #4: trace (application/zip) ─────────────────────────────────────────────────────────
    ..\test-results\calorie-calculator-Calorie-c67ad-esponsive-on-mobile-devices-chromium\trace.zip
    Usage:

        npx playwright show-trace ..\test-results\calorie-calculator-Calorie-c67ad-esponsive-on-mobile-devices-chromium\trace.zip

    ────────────────────────────────────────────────────────────────────────────────────────────────
]]>
</failure>
<system-out>
<![CDATA[
[[ATTACHMENT|calorie-calculator-Calorie-c67ad-esponsive-on-mobile-devices-chromium\test-failed-1.png]]

[[ATTACHMENT|calorie-calculator-Calorie-c67ad-esponsive-on-mobile-devices-chromium\video.webm]]

[[ATTACHMENT|calorie-calculator-Calorie-c67ad-esponsive-on-mobile-devices-chromium\error-context.md]]

[[ATTACHMENT|calorie-calculator-Calorie-c67ad-esponsive-on-mobile-devices-chromium\trace.zip]]
]]>
</system-out>
</testcase>
<testcase name="Calorie Calculator › should handle API errors gracefully" classname="calorie-calculator.spec.js" time="13.055">
<failure message="calorie-calculator.spec.js:266:3 should handle API errors gracefully" type="FAILURE">
<![CDATA[  [chromium] › calorie-calculator.spec.js:266:3 › Calorie Calculator › should handle API errors gracefully 

    TimeoutError: page.waitForSelector: Timeout 10000ms exceeded.
    Call log:
      - waiting for locator('[data-testid="RecipeItem"]') to be visible


      26 |     
      27 |     // Wait for results
    > 28 |     await page.waitForSelector('[data-testid="RecipeItem"]', { timeout: 10000 });
         |                ^
      29 |     
      30 |     // Navigate to first recipe
      31 |     const firstRecipe = page.locator('[data-testid="RecipeItem"]').first();
        at D:\Rawan\Work\RecipesBuddy\frontend\recipes-buddy\tests\calorie-calculator.spec.js:28:16

    attachment #1: screenshot (image/png) ──────────────────────────────────────────────────────────
    ..\test-results\calorie-calculator-Calorie-204b4-andle-API-errors-gracefully-chromium\test-failed-1.png
    ────────────────────────────────────────────────────────────────────────────────────────────────

    attachment #2: video (video/webm) ──────────────────────────────────────────────────────────────
    ..\test-results\calorie-calculator-Calorie-204b4-andle-API-errors-gracefully-chromium\video.webm
    ────────────────────────────────────────────────────────────────────────────────────────────────

    Error Context: ..\test-results\calorie-calculator-Calorie-204b4-andle-API-errors-gracefully-chromium\error-context.md

    attachment #4: trace (application/zip) ─────────────────────────────────────────────────────────
    ..\test-results\calorie-calculator-Calorie-204b4-andle-API-errors-gracefully-chromium\trace.zip
    Usage:

        npx playwright show-trace ..\test-results\calorie-calculator-Calorie-204b4-andle-API-errors-gracefully-chromium\trace.zip

    ────────────────────────────────────────────────────────────────────────────────────────────────
]]>
</failure>
<system-out>
<![CDATA[
[[ATTACHMENT|calorie-calculator-Calorie-204b4-andle-API-errors-gracefully-chromium\test-failed-1.png]]

[[ATTACHMENT|calorie-calculator-Calorie-204b4-andle-API-errors-gracefully-chromium\video.webm]]

[[ATTACHMENT|calorie-calculator-Calorie-204b4-andle-API-errors-gracefully-chromium\error-context.md]]

[[ATTACHMENT|calorie-calculator-Calorie-204b4-andle-API-errors-gracefully-chromium\trace.zip]]
]]>
</system-out>
</testcase>
</testsuite>
<testsuite name="home.spec.js" timestamp="2025-11-11T00:38:29.082Z" hostname="chromium" tests="11" failures="3" skipped="0" time="77.324" errors="0">
<testcase name="Home Page › should load the home page successfully" classname="home.spec.js" time="6.824">
<failure message="home.spec.js:23:3 should load the home page successfully" type="FAILURE">
<![CDATA[  [chromium] › home.spec.js:23:3 › Home Page › should load the home page successfully ──────────────

    Error: expect(page).toHaveTitle(expected) failed

    Expected pattern: /RecipesBuddy|Vite/
    Received string:  "Recipes Buddy - Discover Delicious Recipes"
    Timeout: 5000ms

    Call log:
      - Expect "toHaveTitle" with timeout 5000ms
        9 × unexpected value "Recipes Buddy - Discover Delicious Recipes"


      23 |   test('should load the home page successfully', async ({ page }) => {
      24 |     // Verify page title
    > 25 |     await expect(page).toHaveTitle(/RecipesBuddy|Vite/);
         |                        ^
      26 |     
      27 |     // Verify main elements are visible
      28 |     const searchInput = page.getByTestId('SearchText');
        at D:\Rawan\Work\RecipesBuddy\frontend\recipes-buddy\tests\home.spec.js:25:24

    attachment #1: screenshot (image/png) ──────────────────────────────────────────────────────────
    ..\test-results\home-Home-Page-should-load-the-home-page-successfully-chromium\test-failed-1.png
    ────────────────────────────────────────────────────────────────────────────────────────────────

    attachment #2: video (video/webm) ──────────────────────────────────────────────────────────────
    ..\test-results\home-Home-Page-should-load-the-home-page-successfully-chromium\video.webm
    ────────────────────────────────────────────────────────────────────────────────────────────────

    Error Context: ..\test-results\home-Home-Page-should-load-the-home-page-successfully-chromium\error-context.md

    attachment #4: trace (application/zip) ─────────────────────────────────────────────────────────
    ..\test-results\home-Home-Page-should-load-the-home-page-successfully-chromium\trace.zip
    Usage:

        npx playwright show-trace ..\test-results\home-Home-Page-should-load-the-home-page-successfully-chromium\trace.zip

    ────────────────────────────────────────────────────────────────────────────────────────────────
]]>
</failure>
<system-out>
<![CDATA[
[[ATTACHMENT|home-Home-Page-should-load-the-home-page-successfully-chromium\test-failed-1.png]]

[[ATTACHMENT|home-Home-Page-should-load-the-home-page-successfully-chromium\video.webm]]

[[ATTACHMENT|home-Home-Page-should-load-the-home-page-successfully-chromium\error-context.md]]

[[ATTACHMENT|home-Home-Page-should-load-the-home-page-successfully-chromium\trace.zip]]
]]>
</system-out>
</testcase>
<testcase name="Home Page › should display search input and button" classname="home.spec.js" time="7.443">
<failure message="home.spec.js:35:3 should display search input and button" type="FAILURE">
<![CDATA[  [chromium] › home.spec.js:35:3 › Home Page › should display search input and button ──────────────

    Error: expect(locator).toBeEnabled() failed

    Locator:  getByTestId('SearchButton')
    Expected: enabled
    Received: disabled
    Timeout:  5000ms

    Call log:
      - Expect "toBeEnabled" with timeout 5000ms
      - waiting for getByTestId('SearchButton')
        9 × locator resolved to <button disabled type="submit" data-testid="SearchButton" class="flex-1 bg-primary-600 text-white px-6 py-3 rounded-lg font-medium hover:bg-primary-700 disabled:bg-gray-300 disabled:cursor-not-allowed transition-colors">Search Recipes</button>
          - unexpected value "disabled"


      46 |     const button = page.getByTestId('SearchButton');
      47 |     await expect(button).toBeVisible();
    > 48 |     await expect(button).toBeEnabled();
         |                          ^
      49 |   });
      50 |
      51 |   test('should allow typing in search input', async ({ page }) => {
        at D:\Rawan\Work\RecipesBuddy\frontend\recipes-buddy\tests\home.spec.js:48:26

    attachment #1: screenshot (image/png) ──────────────────────────────────────────────────────────
    ..\test-results\home-Home-Page-should-display-search-input-and-button-chromium\test-failed-1.png
    ────────────────────────────────────────────────────────────────────────────────────────────────

    attachment #2: video (video/webm) ──────────────────────────────────────────────────────────────
    ..\test-results\home-Home-Page-should-display-search-input-and-button-chromium\video.webm
    ────────────────────────────────────────────────────────────────────────────────────────────────

    Error Context: ..\test-results\home-Home-Page-should-display-search-input-and-button-chromium\error-context.md

    attachment #4: trace (application/zip) ─────────────────────────────────────────────────────────
    ..\test-results\home-Home-Page-should-display-search-input-and-button-chromium\trace.zip
    Usage:

        npx playwright show-trace ..\test-results\home-Home-Page-should-display-search-input-and-button-chromium\trace.zip

    ────────────────────────────────────────────────────────────────────────────────────────────────
]]>
</failure>
<system-out>
<![CDATA[
[[ATTACHMENT|home-Home-Page-should-display-search-input-and-button-chromium\test-failed-1.png]]

[[ATTACHMENT|home-Home-Page-should-display-search-input-and-button-chromium\video.webm]]

[[ATTACHMENT|home-Home-Page-should-display-search-input-and-button-chromium\error-context.md]]

[[ATTACHMENT|home-Home-Page-should-display-search-input-and-button-chromium\trace.zip]]
]]>
</system-out>
</testcase>
<testcase name="Home Page › should allow typing in search input" classname="home.spec.js" time="1.395">
</testcase>
<testcase name="Home Page › should search for recipes and display results" classname="home.spec.js" time="2.349">
</testcase>
<testcase name="Home Page › should display recipe cards with required information" classname="home.spec.js" time="1.577">
</testcase>
<testcase name="Home Page › should handle empty search gracefully" classname="home.spec.js" time="33.247">
<failure message="home.spec.js:109:3 should handle empty search gracefully" type="FAILURE">
<![CDATA[  [chromium] › home.spec.js:109:3 › Home Page › should handle empty search gracefully ──────────────

    Test timeout of 30000ms exceeded.

    Error: locator.click: Test timeout of 30000ms exceeded.
    Call log:
      - waiting for getByTestId('SearchButton')
        - locator resolved to <button disabled type="submit" data-testid="SearchButton" class="flex-1 bg-primary-600 text-white px-6 py-3 rounded-lg font-medium hover:bg-primary-700 disabled:bg-gray-300 disabled:cursor-not-allowed transition-colors">Search Recipes</button>
      - attempting click action
        2 × waiting for element to be visible, enabled and stable
          - element is not enabled
        - retrying click action
        - waiting 20ms
        2 × waiting for element to be visible, enabled and stable
          - element is not enabled
        - retrying click action
          - waiting 100ms
        57 × waiting for element to be visible, enabled and stable
           - element is not enabled
         - retrying click action
           - waiting 500ms


      111 |     
      112 |     // Try to search without entering text
    > 113 |     await button.click();
          |                  ^
      114 |     
      115 |     // Should either show validation message or no results
      116 |     // Adjust based on actual behavior
        at D:\Rawan\Work\RecipesBuddy\frontend\recipes-buddy\tests\home.spec.js:113:18

    attachment #1: screenshot (image/png) ──────────────────────────────────────────────────────────
    ..\test-results\home-Home-Page-should-handle-empty-search-gracefully-chromium\test-failed-1.png
    ────────────────────────────────────────────────────────────────────────────────────────────────

    attachment #2: video (video/webm) ──────────────────────────────────────────────────────────────
    ..\test-results\home-Home-Page-should-handle-empty-search-gracefully-chromium\video.webm
    ────────────────────────────────────────────────────────────────────────────────────────────────

    Error Context: ..\test-results\home-Home-Page-should-handle-empty-search-gracefully-chromium\error-context.md

    attachment #4: trace (application/zip) ─────────────────────────────────────────────────────────
    ..\test-results\home-Home-Page-should-handle-empty-search-gracefully-chromium\trace.zip
    Usage:

        npx playwright show-trace ..\test-results\home-Home-Page-should-handle-empty-search-gracefully-chromium\trace.zip

    ────────────────────────────────────────────────────────────────────────────────────────────────
]]>
</failure>
<system-out>
<![CDATA[
[[ATTACHMENT|home-Home-Page-should-handle-empty-search-gracefully-chromium\test-failed-1.png]]

[[ATTACHMENT|home-Home-Page-should-handle-empty-search-gracefully-chromium\video.webm]]

[[ATTACHMENT|home-Home-Page-should-handle-empty-search-gracefully-chromium\error-context.md]]

[[ATTACHMENT|home-Home-Page-should-handle-empty-search-gracefully-chromium\trace.zip]]
]]>
</system-out>
</testcase>
<testcase name="Home Page › should show loading state during search" classname="home.spec.js" time="2.612">
</testcase>
<testcase name="Home Page › should maintain search state after navigation" classname="home.spec.js" time="6.951">
</testcase>
<testcase name="Home Page › should handle network errors gracefully" classname="home.spec.js" time="11.793">
</testcase>
<testcase name="Home Page › should have responsive layout" classname="home.spec.js" time="0.769">
</testcase>
<testcase name="Home Page › should not have console errors on page load" classname="home.spec.js" time="2.364">
</testcase>
</testsuite>
<testsuite name="recipe-details.spec.js" timestamp="2025-11-11T00:38:29.082Z" hostname="chromium" tests="8" failures="7" skipped="0" time="91.094" errors="0">
<testcase name="Recipe Details Page › should navigate to recipe details when clicking a recipe card" classname="recipe-details.spec.js" time="9.486">
</testcase>
<testcase name="Recipe Details Page › should display recipe title and image" classname="recipe-details.spec.js" time="9.584">
<failure message="recipe-details.spec.js:47:3 should display recipe title and image" type="FAILURE">
<![CDATA[  [chromium] › recipe-details.spec.js:47:3 › Recipe Details Page › should display recipe title and image 

    Error: expect(received).toBeGreaterThan(expected)

    Expected: > 0
    Received:   0

      56 |     const images = page.locator('img');
      57 |     const imageCount = await images.count();
    > 58 |     expect(imageCount).toBeGreaterThan(0);
         |                        ^
      59 |     
      60 |     // Verify image is visible
      61 |     const firstImage = images.first();
        at D:\Rawan\Work\RecipesBuddy\frontend\recipes-buddy\tests\recipe-details.spec.js:58:24

    attachment #1: screenshot (image/png) ──────────────────────────────────────────────────────────
    ..\test-results\recipe-details-Recipe-Deta-840a4-play-recipe-title-and-image-chromium\test-failed-1.png
    ────────────────────────────────────────────────────────────────────────────────────────────────

    attachment #2: video (video/webm) ──────────────────────────────────────────────────────────────
    ..\test-results\recipe-details-Recipe-Deta-840a4-play-recipe-title-and-image-chromium\video.webm
    ────────────────────────────────────────────────────────────────────────────────────────────────

    Error Context: ..\test-results\recipe-details-Recipe-Deta-840a4-play-recipe-title-and-image-chromium\error-context.md

    attachment #4: trace (application/zip) ─────────────────────────────────────────────────────────
    ..\test-results\recipe-details-Recipe-Deta-840a4-play-recipe-title-and-image-chromium\trace.zip
    Usage:

        npx playwright show-trace ..\test-results\recipe-details-Recipe-Deta-840a4-play-recipe-title-and-image-chromium\trace.zip

    ────────────────────────────────────────────────────────────────────────────────────────────────
]]>
</failure>
<system-out>
<![CDATA[
[[ATTACHMENT|recipe-details-Recipe-Deta-840a4-play-recipe-title-and-image-chromium\test-failed-1.png]]

[[ATTACHMENT|recipe-details-Recipe-Deta-840a4-play-recipe-title-and-image-chromium\video.webm]]

[[ATTACHMENT|recipe-details-Recipe-Deta-840a4-play-recipe-title-and-image-chromium\error-context.md]]

[[ATTACHMENT|recipe-details-Recipe-Deta-840a4-play-recipe-title-and-image-chromium\trace.zip]]
]]>
</system-out>
</testcase>
<testcase name="Recipe Details Page › should display nutrition information" classname="recipe-details.spec.js" time="11.466">
<failure message="recipe-details.spec.js:65:3 should display nutrition information" type="FAILURE">
<![CDATA[  [chromium] › recipe-details.spec.js:65:3 › Recipe Details Page › should display nutrition information 

    TimeoutError: page.waitForSelector: Timeout 10000ms exceeded.
    Call log:
      - waiting for locator('[data-testid="RecipeItem"]') to be visible


      27 |     
      28 |     // Wait for results
    > 29 |     await page.waitForSelector('[data-testid="RecipeItem"]', { timeout: 10000 });
         |                ^
      30 |   });
      31 |
      32 |   test('should navigate to recipe details when clicking a recipe card', async ({ page }) => {
        at D:\Rawan\Work\RecipesBuddy\frontend\recipes-buddy\tests\recipe-details.spec.js:29:16

    attachment #1: screenshot (image/png) ──────────────────────────────────────────────────────────
    ..\test-results\recipe-details-Recipe-Deta-3fccc-splay-nutrition-information-chromium\test-failed-1.png
    ────────────────────────────────────────────────────────────────────────────────────────────────

    attachment #2: video (video/webm) ──────────────────────────────────────────────────────────────
    ..\test-results\recipe-details-Recipe-Deta-3fccc-splay-nutrition-information-chromium\video.webm
    ────────────────────────────────────────────────────────────────────────────────────────────────

    Error Context: ..\test-results\recipe-details-Recipe-Deta-3fccc-splay-nutrition-information-chromium\error-context.md

    attachment #4: trace (application/zip) ─────────────────────────────────────────────────────────
    ..\test-results\recipe-details-Recipe-Deta-3fccc-splay-nutrition-information-chromium\trace.zip
    Usage:

        npx playwright show-trace ..\test-results\recipe-details-Recipe-Deta-3fccc-splay-nutrition-information-chromium\trace.zip

    ────────────────────────────────────────────────────────────────────────────────────────────────
]]>
</failure>
<system-out>
<![CDATA[
[[ATTACHMENT|recipe-details-Recipe-Deta-3fccc-splay-nutrition-information-chromium\test-failed-1.png]]

[[ATTACHMENT|recipe-details-Recipe-Deta-3fccc-splay-nutrition-information-chromium\video.webm]]

[[ATTACHMENT|recipe-details-Recipe-Deta-3fccc-splay-nutrition-information-chromium\error-context.md]]

[[ATTACHMENT|recipe-details-Recipe-Deta-3fccc-splay-nutrition-information-chromium\trace.zip]]
]]>
</system-out>
</testcase>
<testcase name="Recipe Details Page › should display ingredients list" classname="recipe-details.spec.js" time="11.543">
<failure message="recipe-details.spec.js:84:3 should display ingredients list" type="FAILURE">
<![CDATA[  [chromium] › recipe-details.spec.js:84:3 › Recipe Details Page › should display ingredients list ─

    TimeoutError: page.waitForSelector: Timeout 10000ms exceeded.
    Call log:
      - waiting for locator('[data-testid="RecipeItem"]') to be visible


      27 |     
      28 |     // Wait for results
    > 29 |     await page.waitForSelector('[data-testid="RecipeItem"]', { timeout: 10000 });
         |                ^
      30 |   });
      31 |
      32 |   test('should navigate to recipe details when clicking a recipe card', async ({ page }) => {
        at D:\Rawan\Work\RecipesBuddy\frontend\recipes-buddy\tests\recipe-details.spec.js:29:16

    attachment #1: screenshot (image/png) ──────────────────────────────────────────────────────────
    ..\test-results\recipe-details-Recipe-Deta-b6b77-ld-display-ingredients-list-chromium\test-failed-1.png
    ────────────────────────────────────────────────────────────────────────────────────────────────

    attachment #2: video (video/webm) ──────────────────────────────────────────────────────────────
    ..\test-results\recipe-details-Recipe-Deta-b6b77-ld-display-ingredients-list-chromium\video.webm
    ────────────────────────────────────────────────────────────────────────────────────────────────

    Error Context: ..\test-results\recipe-details-Recipe-Deta-b6b77-ld-display-ingredients-list-chromium\error-context.md

    attachment #4: trace (application/zip) ─────────────────────────────────────────────────────────
    ..\test-results\recipe-details-Recipe-Deta-b6b77-ld-display-ingredients-list-chromium\trace.zip
    Usage:

        npx playwright show-trace ..\test-results\recipe-details-Recipe-Deta-b6b77-ld-display-ingredients-list-chromium\trace.zip

    ────────────────────────────────────────────────────────────────────────────────────────────────
]]>
</failure>
<system-out>
<![CDATA[
[[ATTACHMENT|recipe-details-Recipe-Deta-b6b77-ld-display-ingredients-list-chromium\test-failed-1.png]]

[[ATTACHMENT|recipe-details-Recipe-Deta-b6b77-ld-display-ingredients-list-chromium\video.webm]]

[[ATTACHMENT|recipe-details-Recipe-Deta-b6b77-ld-display-ingredients-list-chromium\error-context.md]]

[[ATTACHMENT|recipe-details-Recipe-Deta-b6b77-ld-display-ingredients-list-chromium\trace.zip]]
]]>
</system-out>
</testcase>
<testcase name="Recipe Details Page › should allow navigation back to search results" classname="recipe-details.spec.js" time="12.828">
<failure message="recipe-details.spec.js:102:3 should allow navigation back to search results" type="FAILURE">
<![CDATA[  [chromium] › recipe-details.spec.js:102:3 › Recipe Details Page › should allow navigation back to search results 

    TimeoutError: page.waitForSelector: Timeout 10000ms exceeded.
    Call log:
      - waiting for locator('[data-testid="RecipeItem"]') to be visible


      27 |     
      28 |     // Wait for results
    > 29 |     await page.waitForSelector('[data-testid="RecipeItem"]', { timeout: 10000 });
         |                ^
      30 |   });
      31 |
      32 |   test('should navigate to recipe details when clicking a recipe card', async ({ page }) => {
        at D:\Rawan\Work\RecipesBuddy\frontend\recipes-buddy\tests\recipe-details.spec.js:29:16

    attachment #1: screenshot (image/png) ──────────────────────────────────────────────────────────
    ..\test-results\recipe-details-Recipe-Deta-3c375-tion-back-to-search-results-chromium\test-failed-1.png
    ────────────────────────────────────────────────────────────────────────────────────────────────

    attachment #2: video (video/webm) ──────────────────────────────────────────────────────────────
    ..\test-results\recipe-details-Recipe-Deta-3c375-tion-back-to-search-results-chromium\video.webm
    ────────────────────────────────────────────────────────────────────────────────────────────────

    Error Context: ..\test-results\recipe-details-Recipe-Deta-3c375-tion-back-to-search-results-chromium\error-context.md

    attachment #4: trace (application/zip) ─────────────────────────────────────────────────────────
    ..\test-results\recipe-details-Recipe-Deta-3c375-tion-back-to-search-results-chromium\trace.zip
    Usage:

        npx playwright show-trace ..\test-results\recipe-details-Recipe-Deta-3c375-tion-back-to-search-results-chromium\trace.zip

    ────────────────────────────────────────────────────────────────────────────────────────────────
]]>
</failure>
<system-out>
<![CDATA[
[[ATTACHMENT|recipe-details-Recipe-Deta-3c375-tion-back-to-search-results-chromium\test-failed-1.png]]

[[ATTACHMENT|recipe-details-Recipe-Deta-3c375-tion-back-to-search-results-chromium\video.webm]]

[[ATTACHMENT|recipe-details-Recipe-Deta-3c375-tion-back-to-search-results-chromium\error-context.md]]

[[ATTACHMENT|recipe-details-Recipe-Deta-3c375-tion-back-to-search-results-chromium\trace.zip]]
]]>
</system-out>
</testcase>
<testcase name="Recipe Details Page › should handle missing recipe data gracefully" classname="recipe-details.spec.js" time="11.923">
<failure message="recipe-details.spec.js:133:3 should handle missing recipe data gracefully" type="FAILURE">
<![CDATA[  [chromium] › recipe-details.spec.js:133:3 › Recipe Details Page › should handle missing recipe data gracefully 

    TimeoutError: page.waitForSelector: Timeout 10000ms exceeded.
    Call log:
      - waiting for locator('[data-testid="RecipeItem"]') to be visible


      27 |     
      28 |     // Wait for results
    > 29 |     await page.waitForSelector('[data-testid="RecipeItem"]', { timeout: 10000 });
         |                ^
      30 |   });
      31 |
      32 |   test('should navigate to recipe details when clicking a recipe card', async ({ page }) => {
        at D:\Rawan\Work\RecipesBuddy\frontend\recipes-buddy\tests\recipe-details.spec.js:29:16

    attachment #1: screenshot (image/png) ──────────────────────────────────────────────────────────
    ..\test-results\recipe-details-Recipe-Deta-5add2-sing-recipe-data-gracefully-chromium\test-failed-1.png
    ────────────────────────────────────────────────────────────────────────────────────────────────

    attachment #2: video (video/webm) ──────────────────────────────────────────────────────────────
    ..\test-results\recipe-details-Recipe-Deta-5add2-sing-recipe-data-gracefully-chromium\video.webm
    ────────────────────────────────────────────────────────────────────────────────────────────────

    Error Context: ..\test-results\recipe-details-Recipe-Deta-5add2-sing-recipe-data-gracefully-chromium\error-context.md

    attachment #4: trace (application/zip) ─────────────────────────────────────────────────────────
    ..\test-results\recipe-details-Recipe-Deta-5add2-sing-recipe-data-gracefully-chromium\trace.zip
    Usage:

        npx playwright show-trace ..\test-results\recipe-details-Recipe-Deta-5add2-sing-recipe-data-gracefully-chromium\trace.zip

    ────────────────────────────────────────────────────────────────────────────────────────────────
]]>
</failure>
<system-out>
<![CDATA[
[[ATTACHMENT|recipe-details-Recipe-Deta-5add2-sing-recipe-data-gracefully-chromium\test-failed-1.png]]

[[ATTACHMENT|recipe-details-Recipe-Deta-5add2-sing-recipe-data-gracefully-chromium\video.webm]]

[[ATTACHMENT|recipe-details-Recipe-Deta-5add2-sing-recipe-data-gracefully-chromium\error-context.md]]

[[ATTACHMENT|recipe-details-Recipe-Deta-5add2-sing-recipe-data-gracefully-chromium\trace.zip]]
]]>
</system-out>
</testcase>
<testcase name="Recipe Details Page › should load recipe details page without console errors" classname="recipe-details.spec.js" time="12.206">
<failure message="recipe-details.spec.js:152:3 should load recipe details page without console errors" type="FAILURE">
<![CDATA[  [chromium] › recipe-details.spec.js:152:3 › Recipe Details Page › should load recipe details page without console errors 

    TimeoutError: page.waitForSelector: Timeout 10000ms exceeded.
    Call log:
      - waiting for locator('[data-testid="RecipeItem"]') to be visible


      27 |     
      28 |     // Wait for results
    > 29 |     await page.waitForSelector('[data-testid="RecipeItem"]', { timeout: 10000 });
         |                ^
      30 |   });
      31 |
      32 |   test('should navigate to recipe details when clicking a recipe card', async ({ page }) => {
        at D:\Rawan\Work\RecipesBuddy\frontend\recipes-buddy\tests\recipe-details.spec.js:29:16

    attachment #1: screenshot (image/png) ──────────────────────────────────────────────────────────
    ..\test-results\recipe-details-Recipe-Deta-a4bc9-page-without-console-errors-chromium\test-failed-1.png
    ────────────────────────────────────────────────────────────────────────────────────────────────

    attachment #2: video (video/webm) ──────────────────────────────────────────────────────────────
    ..\test-results\recipe-details-Recipe-Deta-a4bc9-page-without-console-errors-chromium\video.webm
    ────────────────────────────────────────────────────────────────────────────────────────────────

    Error Context: ..\test-results\recipe-details-Recipe-Deta-a4bc9-page-without-console-errors-chromium\error-context.md

    attachment #4: trace (application/zip) ─────────────────────────────────────────────────────────
    ..\test-results\recipe-details-Recipe-Deta-a4bc9-page-without-console-errors-chromium\trace.zip
    Usage:

        npx playwright show-trace ..\test-results\recipe-details-Recipe-Deta-a4bc9-page-without-console-errors-chromium\trace.zip

    ────────────────────────────────────────────────────────────────────────────────────────────────
]]>
</failure>
<system-out>
<![CDATA[
[[ATTACHMENT|recipe-details-Recipe-Deta-a4bc9-page-without-console-errors-chromium\test-failed-1.png]]

[[ATTACHMENT|recipe-details-Recipe-Deta-a4bc9-page-without-console-errors-chromium\video.webm]]

[[ATTACHMENT|recipe-details-Recipe-Deta-a4bc9-page-without-console-errors-chromium\error-context.md]]

[[ATTACHMENT|recipe-details-Recipe-Deta-a4bc9-page-without-console-errors-chromium\trace.zip]]
]]>
</system-out>
</testcase>
<testcase name="Recipe Details Page › should be responsive on mobile devices" classname="recipe-details.spec.js" time="12.058">
<failure message="recipe-details.spec.js:177:3 should be responsive on mobile devices" type="FAILURE">
<![CDATA[  [chromium] › recipe-details.spec.js:177:3 › Recipe Details Page › should be responsive on mobile devices 

    TimeoutError: page.waitForSelector: Timeout 10000ms exceeded.
    Call log:
      - waiting for locator('[data-testid="RecipeItem"]') to be visible


      27 |     
      28 |     // Wait for results
    > 29 |     await page.waitForSelector('[data-testid="RecipeItem"]', { timeout: 10000 });
         |                ^
      30 |   });
      31 |
      32 |   test('should navigate to recipe details when clicking a recipe card', async ({ page }) => {
        at D:\Rawan\Work\RecipesBuddy\frontend\recipes-buddy\tests\recipe-details.spec.js:29:16

    attachment #1: screenshot (image/png) ──────────────────────────────────────────────────────────
    ..\test-results\recipe-details-Recipe-Deta-3a3b4-esponsive-on-mobile-devices-chromium\test-failed-1.png
    ────────────────────────────────────────────────────────────────────────────────────────────────

    attachment #2: video (video/webm) ──────────────────────────────────────────────────────────────
    ..\test-results\recipe-details-Recipe-Deta-3a3b4-esponsive-on-mobile-devices-chromium\video.webm
    ────────────────────────────────────────────────────────────────────────────────────────────────

    Error Context: ..\test-results\recipe-details-Recipe-Deta-3a3b4-esponsive-on-mobile-devices-chromium\error-context.md

    attachment #4: trace (application/zip) ─────────────────────────────────────────────────────────
    ..\test-results\recipe-details-Recipe-Deta-3a3b4-esponsive-on-mobile-devices-chromium\trace.zip
    Usage:

        npx playwright show-trace ..\test-results\recipe-details-Recipe-Deta-3a3b4-esponsive-on-mobile-devices-chromium\trace.zip

    ────────────────────────────────────────────────────────────────────────────────────────────────
]]>
</failure>
<system-out>
<![CDATA[
[[ATTACHMENT|recipe-details-Recipe-Deta-3a3b4-esponsive-on-mobile-devices-chromium\test-failed-1.png]]

[[ATTACHMENT|recipe-details-Recipe-Deta-3a3b4-esponsive-on-mobile-devices-chromium\video.webm]]

[[ATTACHMENT|recipe-details-Recipe-Deta-3a3b4-esponsive-on-mobile-devices-chromium\error-context.md]]

[[ATTACHMENT|recipe-details-Recipe-Deta-3a3b4-esponsive-on-mobile-devices-chromium\trace.zip]]
]]>
</system-out>
</testcase>
</testsuite>
</testsuites>